\BOOKMARK [0][]{chapter.1}{Introduction}{}% 1
\BOOKMARK [1][]{section.1.1}{Introducing Evo2Sim}{chapter.1}% 2
\BOOKMARK [1][]{section.1.2}{License}{chapter.1}% 3
\BOOKMARK [1][]{section.1.3}{Community}{chapter.1}% 4
\BOOKMARK [1][]{section.1.4}{Download}{chapter.1}% 5
\BOOKMARK [1][]{section.1.5}{Contact}{chapter.1}% 6
\BOOKMARK [0][]{chapter.2}{Installation instructions}{}% 7
\BOOKMARK [1][]{section.2.1}{Supported platforms}{chapter.2}% 8
\BOOKMARK [2][]{subsection.2.1.1}{Required dependencies}{section.2.1}% 9
\BOOKMARK [2][]{subsection.2.1.2}{Optional dependencies \(for graphical outputs\)}{section.2.1}% 10
\BOOKMARK [2][]{subsection.2.1.3}{HTML viewer dependencies}{section.2.1}% 11
\BOOKMARK [1][]{section.2.2}{Software compilation}{chapter.2}% 12
\BOOKMARK [2][]{subsection.2.2.1}{User mode}{section.2.2}% 13
\BOOKMARK [2][]{subsection.2.2.2}{Debug mode}{section.2.2}% 14
\BOOKMARK [2][]{subsection.2.2.3}{Executable files emplacement}{section.2.2}% 15
\BOOKMARK [0][]{chapter.3}{Typical usage}{}% 16
\BOOKMARK [1][]{section.3.1}{Creating a simulation}{chapter.3}% 17
\BOOKMARK [1][]{section.3.2}{Generating viable initial conditions with a bootstrap}{chapter.3}% 18
\BOOKMARK [1][]{section.3.3}{Running a simulation}{chapter.3}% 19
\BOOKMARK [0][]{chapter.4}{Simulation viewer}{}% 20
\BOOKMARK [1][]{section.4.1}{Population}{chapter.4}% 21
\BOOKMARK [1][]{section.4.2}{Best lineage}{chapter.4}% 22
\BOOKMARK [1][]{section.4.3}{Best individual}{chapter.4}% 23
\BOOKMARK [1][]{section.4.4}{Environment}{chapter.4}% 24
\BOOKMARK [1][]{section.4.5}{Phylogeny}{chapter.4}% 25
\BOOKMARK [1][]{section.4.6}{Parameters}{chapter.4}% 26
\BOOKMARK [0][]{appendix.A}{Main executables description}{}% 27
\BOOKMARK [1][]{section.A.1}{evo2sim\137create executable}{appendix.A}% 28
\BOOKMARK [1][]{section.A.2}{evo2sim\137bootstrap executable}{appendix.A}% 29
\BOOKMARK [1][]{section.A.3}{evo2sim\137run executable}{appendix.A}% 30
\BOOKMARK [1][]{section.A.4}{evo2sim\137generate\137figures executable}{appendix.A}% 31
\BOOKMARK [1][]{section.A.5}{evo2sim\137recover\137parameters executable}{appendix.A}% 32
\BOOKMARK [1][]{section.A.6}{evo2sim\137unitary\137tests executable}{appendix.A}% 33
\BOOKMARK [1][]{section.A.7}{evo2sim\137integrated\137tests executable}{appendix.A}% 34
\BOOKMARK [1][]{section.A.8}{Other executables}{appendix.A}% 35
\BOOKMARK [0][]{appendix.B}{Parameters description}{}% 36
\BOOKMARK [1][]{section.B.1}{Pseudorandom numbers generator}{appendix.B}% 37
\BOOKMARK [1][]{section.B.2}{Parallel computing}{appendix.B}% 38
\BOOKMARK [1][]{section.B.3}{Simulation schemes}{appendix.B}% 39
\BOOKMARK [2][]{subsection.B.3.1}{Energy costs scheme}{section.B.3}% 40
\BOOKMARK [2][]{subsection.B.3.2}{Membrane permeability scheme}{section.B.3}% 41
\BOOKMARK [2][]{subsection.B.3.3}{Metabolic inheritance scheme}{section.B.3}% 42
\BOOKMARK [2][]{subsection.B.3.4}{Enzymatic inheritance scheme}{section.B.3}% 43
\BOOKMARK [2][]{subsection.B.3.5}{Co-enzymes scheme}{section.B.3}% 44
\BOOKMARK [2][]{subsection.B.3.6}{Score scheme}{section.B.3}% 45
\BOOKMARK [2][]{subsection.B.3.7}{Selection threshold}{section.B.3}% 46
\BOOKMARK [1][]{section.B.4}{Space}{appendix.B}% 47
\BOOKMARK [2][]{subsection.B.4.1}{Grid width}{section.B.4}% 48
\BOOKMARK [2][]{subsection.B.4.2}{Grid height}{section.B.4}% 49
\BOOKMARK [1][]{section.B.5}{Output}{appendix.B}% 50
\BOOKMARK [2][]{subsection.B.5.1}{Simulation backup step}{section.B.5}% 51
\BOOKMARK [2][]{subsection.B.5.2}{Figures generation step}{section.B.5}% 52
\BOOKMARK [1][]{section.B.6}{Genome}{appendix.B}% 53
\BOOKMARK [2][]{subsection.B.6.1}{Load the genome from file}{section.B.6}% 54
\BOOKMARK [2][]{subsection.B.6.2}{Metabolite tags initial range}{section.B.6}% 55
\BOOKMARK [2][]{subsection.B.6.3}{Binding site tags initial range}{section.B.6}% 56
\BOOKMARK [2][]{subsection.B.6.4}{Co-enzyme tags initial range}{section.B.6}% 57
\BOOKMARK [2][]{subsection.B.6.5}{Transcription factor tags initial range}{section.B.6}% 58
\BOOKMARK [2][]{subsection.B.6.6}{Transcription factors binding window}{section.B.6}% 59
\BOOKMARK [2][]{subsection.B.6.7}{Initial number of non-coding units}{section.B.6}% 60
\BOOKMARK [2][]{subsection.B.6.8}{Initial number of enzyme coding units}{section.B.6}% 61
\BOOKMARK [2][]{subsection.B.6.9}{Initial number of transcription factor coding units}{section.B.6}% 62
\BOOKMARK [2][]{subsection.B.6.10}{Initial number of binding site units}{section.B.6}% 63
\BOOKMARK [2][]{subsection.B.6.11}{Initial number of promoter units}{section.B.6}% 64
\BOOKMARK [2][]{subsection.B.6.12}{Point mutation rate}{section.B.6}% 65
\BOOKMARK [2][]{subsection.B.6.13}{Duplication rate}{section.B.6}% 66
\BOOKMARK [2][]{subsection.B.6.14}{Deletion rate}{section.B.6}% 67
\BOOKMARK [2][]{subsection.B.6.15}{Translocation rate}{section.B.6}% 68
\BOOKMARK [2][]{subsection.B.6.16}{Inversion rate}{section.B.6}% 69
\BOOKMARK [2][]{subsection.B.6.17}{Transition rate}{section.B.6}% 70
\BOOKMARK [2][]{subsection.B.6.18}{Breakpoint rate}{section.B.6}% 71
\BOOKMARK [2][]{subsection.B.6.19}{Substrate tag mutation size}{section.B.6}% 72
\BOOKMARK [2][]{subsection.B.6.20}{Product tag mutation size}{section.B.6}% 73
\BOOKMARK [2][]{subsection.B.6.21}{kcat mutation size}{section.B.6}% 74
\BOOKMARK [2][]{subsection.B.6.22}{kcat/kM ratio mutation size}{section.B.6}% 75
\BOOKMARK [2][]{subsection.B.6.23}{Binding site tag mutation size}{section.B.6}% 76
\BOOKMARK [2][]{subsection.B.6.24}{Co-enzyme tag mutation size}{section.B.6}% 77
\BOOKMARK [2][]{subsection.B.6.25}{Transcription factor tag mutation size}{section.B.6}% 78
\BOOKMARK [2][]{subsection.B.6.26}{Basal expression level mutation size}{section.B.6}% 79
\BOOKMARK [1][]{section.B.7}{Genetic regulation network}{appendix.B}% 80
\BOOKMARK [2][]{subsection.B.7.1}{Genetic regulation network time-steps ratio}{section.B.7}% 81
\BOOKMARK [2][]{subsection.B.7.2}{Hill function theta parameter}{section.B.7}% 82
\BOOKMARK [2][]{subsection.B.7.3}{Hill function n parameter}{section.B.7}% 83
\BOOKMARK [2][]{subsection.B.7.4}{Protein degradation rate}{section.B.7}% 84
\BOOKMARK [1][]{section.B.8}{Metabolic network}{appendix.B}% 85
\BOOKMARK [2][]{subsection.B.8.1}{Metabolism time-steps}{section.B.8}% 86
\BOOKMARK [2][]{subsection.B.8.2}{Essential metabolites toxicity threshold}{section.B.8}% 87
\BOOKMARK [2][]{subsection.B.8.3}{Non-essential metabolites toxicity threshold}{section.B.8}% 88
\BOOKMARK [2][]{subsection.B.8.4}{Initial metabolite amount in cells}{section.B.8}% 89
\BOOKMARK [2][]{subsection.B.8.5}{Maximum reaction size}{section.B.8}% 90
\BOOKMARK [1][]{section.B.9}{Energy}{appendix.B}% 91
\BOOKMARK [2][]{subsection.B.9.1}{Energy transcription cost}{section.B.9}% 92
\BOOKMARK [2][]{subsection.B.9.2}{Energy degradation cost}{section.B.9}% 93
\BOOKMARK [2][]{subsection.B.9.3}{Energy enzymatic cost}{section.B.9}% 94
\BOOKMARK [2][]{subsection.B.9.4}{Energy pumping cost}{section.B.9}% 95
\BOOKMARK [2][]{subsection.B.9.5}{Energy dissipation rate}{section.B.9}% 96
\BOOKMARK [2][]{subsection.B.9.6}{Energy toxicity threshold}{section.B.9}% 97
\BOOKMARK [2][]{subsection.B.9.7}{Initial energy amount in cells}{section.B.9}% 98
\BOOKMARK [1][]{section.B.10}{Cell}{appendix.B}% 99
\BOOKMARK [2][]{subsection.B.10.1}{Membrane permeability}{section.B.10}% 100
\BOOKMARK [1][]{section.B.11}{Population}{appendix.B}% 101
\BOOKMARK [2][]{subsection.B.11.1}{Death probability}{section.B.11}% 102
\BOOKMARK [2][]{subsection.B.11.2}{Migration rate}{section.B.11}% 103
\BOOKMARK [2][]{subsection.B.11.3}{HGT rate}{section.B.11}% 104
\BOOKMARK [1][]{section.B.12}{Environment}{appendix.B}% 105
\BOOKMARK [2][]{subsection.B.12.1}{Environment initialization cycles}{section.B.12}% 106
\BOOKMARK [2][]{subsection.B.12.2}{Environment species tags range}{section.B.12}% 107
\BOOKMARK [2][]{subsection.B.12.3}{Environment concentrations range}{section.B.12}% 108
\BOOKMARK [2][]{subsection.B.12.4}{Environment number of species range}{section.B.12}% 109
\BOOKMARK [2][]{subsection.B.12.5}{Environment interaction scheme}{section.B.12}% 110
\BOOKMARK [2][]{subsection.B.12.6}{Environment renewal scheme}{section.B.12}% 111
\BOOKMARK [2][]{subsection.B.12.7}{Environment variation scheme}{section.B.12}% 112
\BOOKMARK [2][]{subsection.B.12.8}{Environment localization scheme}{section.B.12}% 113
\BOOKMARK [2][]{subsection.B.12.9}{Environment metabolic scheme}{section.B.12}% 114
\BOOKMARK [2][]{subsection.B.12.10}{Environment introduction rate}{section.B.12}% 115
\BOOKMARK [2][]{subsection.B.12.11}{Environment diffusion coefficient}{section.B.12}% 116
\BOOKMARK [2][]{subsection.B.12.12}{Environment degradation rate}{section.B.12}% 117
